<?xml version="1.0" encoding="UTF-8"?>
<!-- Generated by org.testng.reporters.JUnitXMLReporter -->
<testsuite hostname="IN-BLR-WKS310" ignored="0" name="TestNg Features Test" tests="4" failures="1" timestamp="29 Aug 2018 07:05:00 GMT" time="17.584" errors="0">
  <testcase name="cpmTitleTest" time="0.017" classname="com.qakeshav.test.TestNgBasic"/>
  <testcase name="navigateToPrizeTab" time="0.019" classname="com.qakeshav.test.TestNgBasic"/>
  <testcase name="navigateToWinner" time="0.036" classname="com.qakeshav.test.TestNgBasic"/>
  <testcase name="cpmSiteTest" time="0.057" classname="com.qakeshav.test.AssertTestCpm">
    <failure type="junit.framework.ComparisonFailure" message="Logi expected:&amp;lt;Login&amp;gt; but was:&amp;lt;Title is not matched&amp;gt;">
      <![CDATA[junit.framework.ComparisonFailure: Logi expected:<Login> but was:<Title is not matched>
at junit.framework.Assert.assertEquals(Assert.java:81)
at com.qakeshav.test.AssertTestCpm.cpmSiteTest(AssertTestCpm.java:32)
... Removed 25 stack frames]]>
    </failure>
  </testcase> <!-- cpmSiteTest -->
</testsuite> <!-- TestNg Features Test -->
