<?xml version="1.0" encoding="UTF-8"?>
<!-- Generated by org.testng.reporters.JUnitXMLReporter -->
<testsuite hostname="IN-BLR-WKS310" ignored="0" name="Command line test" tests="5" failures="0" timestamp="27 Sep 2018 18:39:55 GMT" time="0.009" errors="0">
  <testcase name="incovationcount" time="0.002" classname="com.qakeshav.test.InvocationCount"/>
  <testcase name="incovationcount" time="0.003" classname="com.qakeshav.test.InvocationCount"/>
  <testcase name="incovationcount" time="0.001" classname="com.qakeshav.test.InvocationCount"/>
  <testcase name="incovationcount" time="0.0" classname="com.qakeshav.test.InvocationCount"/>
  <testcase name="incovationcount" time="0.0" classname="com.qakeshav.test.InvocationCount"/>
</testsuite> <!-- Command line test -->
