<?xml version="1.0" encoding="UTF-8"?>
<testng-results skipped="0" failed="0" ignored="0" total="5" passed="5">
  <reporter-output>
  </reporter-output>
  <suite name="Command line suite" duration-ms="10" started-at="2018-10-20T18:32:01Z" finished-at="2018-10-20T18:32:01Z">
    <groups>
    </groups>
    <test name="Command line test" duration-ms="10" started-at="2018-10-20T18:32:01Z" finished-at="2018-10-20T18:32:01Z">
      <class name="com.qakeshav.test.InvocationCount">
        <test-method status="PASS" signature="incovationcount()[pri:0, instance:com.qakeshav.test.InvocationCount@17bffc17]" name="incovationcount" duration-ms="1" started-at="2018-10-21T00:02:01Z" finished-at="2018-10-21T00:02:01Z">
          <reporter-output>
          </reporter-output>
        </test-method> <!-- incovationcount -->
        <test-method status="PASS" signature="incovationcount()[pri:0, instance:com.qakeshav.test.InvocationCount@17bffc17]" name="incovationcount" duration-ms="0" started-at="2018-10-21T00:02:01Z" finished-at="2018-10-21T00:02:01Z">
          <reporter-output>
          </reporter-output>
        </test-method> <!-- incovationcount -->
        <test-method status="PASS" signature="incovationcount()[pri:0, instance:com.qakeshav.test.InvocationCount@17bffc17]" name="incovationcount" duration-ms="1" started-at="2018-10-21T00:02:01Z" finished-at="2018-10-21T00:02:01Z">
          <reporter-output>
          </reporter-output>
        </test-method> <!-- incovationcount -->
        <test-method status="PASS" signature="incovationcount()[pri:0, instance:com.qakeshav.test.InvocationCount@17bffc17]" name="incovationcount" duration-ms="0" started-at="2018-10-21T00:02:01Z" finished-at="2018-10-21T00:02:01Z">
          <reporter-output>
          </reporter-output>
        </test-method> <!-- incovationcount -->
        <test-method status="PASS" signature="incovationcount()[pri:0, instance:com.qakeshav.test.InvocationCount@17bffc17]" name="incovationcount" duration-ms="6" started-at="2018-10-21T00:02:01Z" finished-at="2018-10-21T00:02:01Z">
          <reporter-output>
          </reporter-output>
        </test-method> <!-- incovationcount -->
      </class> <!-- com.qakeshav.test.InvocationCount -->
    </test> <!-- Command line test -->
  </suite> <!-- Command line suite -->
</testng-results>
